<?xml version="1.0" encoding="UTF-8"?>
<!-- Generated by org.testng.reporters.JUnitXMLReporter -->
<testsuite ignored="0" hostname="Ronak" failures="0" tests="4" name="Default test" time="5.488" errors="0" timestamp="2025-08-03T21:43:43 IST">
  <testcase classname="Day_1.Basic_Api_Testing" name="getSingleUser" time="3.744"/>
  <testcase classname="Day_1.Basic_Api_Testing" name="createUser" time="0.892"/>
  <testcase classname="Day_1.Basic_Api_Testing" name="updateUser" time="0.35"/>
  <testcase classname="Day_1.Basic_Api_Testing" name="deleteUser" time="0.371"/>
</testsuite> <!-- Default test -->
