<?xml version="1.0" encoding="UTF-8"?>
<!-- Generated by org.testng.reporters.JUnitXMLReporter -->
<testsuite ignored="4" hostname="Ronak" failures="0" tests="1" name="Default test" time="3.43" errors="0" timestamp="2025-08-04T20:18:31 IST">
  <testcase classname="Day_2.Ways_To_Create_Post_Req" name="usingExternalJSON" time="3.356"/>
  <testcase classname="Day_2.Ways_To_Create_Post_Req" name="deleteUser" time="0.0">
    <ignored/>
  </testcase> <!-- deleteUser -->
  <testcase classname="Day_2.Ways_To_Create_Post_Req" name="usingHashMap" time="0.0">
    <ignored/>
  </testcase> <!-- usingHashMap -->
  <testcase classname="Day_2.Ways_To_Create_Post_Req" name="usingPOJOClass" time="0.0">
    <ignored/>
  </testcase> <!-- usingPOJOClass -->
  <testcase classname="Day_2.Ways_To_Create_Post_Req" name="usingOrgJsonLibrary" time="0.0">
    <ignored/>
  </testcase> <!-- usingOrgJsonLibrary -->
</testsuite> <!-- Default test -->
