<?xml version="1.0" encoding="UTF-8"?>
<testng-results ignored="4" total="5" passed="1" failed="0" skipped="0">
  <reporter-output>
  </reporter-output>
  <suite started-at="2025-08-04T20:18:27 IST" name="Default suite" finished-at="2025-08-04T20:18:31 IST" duration-ms="3430">
    <groups>
    </groups>
    <test started-at="2025-08-04T20:18:27 IST" name="Default test" finished-at="2025-08-04T20:18:31 IST" duration-ms="3430">
      <class name="Day_2.Ways_To_Create_Post_Req">
        <test-method signature="usingExternalJSON()[pri:0, instance:Day_2.Ways_To_Create_Post_Req@6f1de4c7]" started-at="2025-08-04T20:18:27 IST" name="usingExternalJSON" finished-at="2025-08-04T20:18:31 IST" duration-ms="3356" status="PASS">
          <reporter-output>
          </reporter-output>
        </test-method> <!-- usingExternalJSON -->
      </class> <!-- Day_2.Ways_To_Create_Post_Req -->
    </test> <!-- Default test -->
  </suite> <!-- Default suite -->
</testng-results>
