<?xml version="1.0" encoding="UTF-8"?>
<testng-results ignored="0" total="4" passed="4" failed="0" skipped="0">
  <reporter-output>
  </reporter-output>
  <suite started-at="2025-08-03T21:43:38 IST" name="Default suite" finished-at="2025-08-03T21:43:43 IST" duration-ms="5488">
    <groups>
    </groups>
    <test started-at="2025-08-03T21:43:38 IST" name="Default test" finished-at="2025-08-03T21:43:43 IST" duration-ms="5488">
      <class name="Day_1.Basic_Api_Testing">
        <test-method signature="getSingleUser()[pri:0, instance:Day_1.Basic_Api_Testing@459e9125]" started-at="2025-08-03T21:43:38 IST" name="getSingleUser" finished-at="2025-08-03T21:43:41 IST" duration-ms="3744" status="PASS">
          <reporter-output>
          </reporter-output>
        </test-method> <!-- getSingleUser -->
        <test-method signature="createUser()[pri:1, instance:Day_1.Basic_Api_Testing@459e9125]" started-at="2025-08-03T21:43:41 IST" name="createUser" finished-at="2025-08-03T21:43:42 IST" duration-ms="892" status="PASS">
          <reporter-output>
          </reporter-output>
        </test-method> <!-- createUser -->
        <test-method signature="updateUser()[pri:2, instance:Day_1.Basic_Api_Testing@459e9125]" started-at="2025-08-03T21:43:42 IST" name="updateUser" finished-at="2025-08-03T21:43:43 IST" depends-on-methods="Day_1.Basic_Api_Testing.createUser" duration-ms="350" status="PASS">
          <reporter-output>
          </reporter-output>
        </test-method> <!-- updateUser -->
        <test-method signature="deleteUser()[pri:4, instance:Day_1.Basic_Api_Testing@459e9125]" started-at="2025-08-03T21:43:43 IST" name="deleteUser" finished-at="2025-08-03T21:43:43 IST" duration-ms="371" status="PASS">
          <reporter-output>
          </reporter-output>
        </test-method> <!-- deleteUser -->
      </class> <!-- Day_1.Basic_Api_Testing -->
    </test> <!-- Default test -->
  </suite> <!-- Default suite -->
</testng-results>
